[debug] [2023-03-17T04:45:57.358Z] ----------------------------------------------------------------------
[debug] [2023-03-17T04:45:57.363Z] Command:       /opt/homebrew/Cellar/node/19.7.0/bin/node /opt/homebrew/bin/firebase init hosting
[debug] [2023-03-17T04:45:57.363Z] CLI Version:   11.24.1
[debug] [2023-03-17T04:45:57.363Z] Platform:      darwin
[debug] [2023-03-17T04:45:57.363Z] Node Version:  v19.7.0
[debug] [2023-03-17T04:45:57.363Z] Time:          Thu Mar 16 2023 21:45:57 GMT-0700 (Pacific Daylight Time)
[debug] [2023-03-17T04:45:57.363Z] ----------------------------------------------------------------------
[debug] 
[debug] [2023-03-17T04:45:57.401Z] > command requires scopes: ["email","openid","https://www.googleapis.com/auth/cloudplatformprojects.readonly","https://www.googleapis.com/auth/firebase","https://www.googleapis.com/auth/cloud-platform"]
[debug] [2023-03-17T04:45:57.402Z] > authorizing via signed-in user (tylertran1218@gmail.com)
[info] 
     ######## #### ########  ######## ########     ###     ######  ########
     ##        ##  ##     ## ##       ##     ##  ##   ##  ##       ##
     ######    ##  ########  ######   ########  #########  ######  ######
     ##        ##  ##    ##  ##       ##     ## ##     ##       ## ##
     ##       #### ##     ## ######## ########  ##     ##  ######  ########

You're about to initialize a Firebase project in this directory:

  /Users/tylertran/BClub/frontend

Before we get started, keep in mind:

  * You are initializing within an existing Firebase project directory

[info] 
=== Project Setup
[info] 
[info] First, let's associate this project directory with a Firebase project.
[info] You can create multiple project aliases by running firebase use --add, 
[info] but for now we'll just set up a default project.
[info] 
[debug] [2023-03-17T04:45:57.403Z] Using project from CLI flag: bclub-b0d3f
[debug] [2023-03-17T04:45:57.404Z] > refreshing access token with scopes: []
[debug] [2023-03-17T04:45:57.405Z] >>> [apiv2][query] POST https://www.googleapis.com/oauth2/v3/token [none]
[debug] [2023-03-17T04:45:57.405Z] >>> [apiv2][body] POST https://www.googleapis.com/oauth2/v3/token [omitted]
[debug] [2023-03-17T04:45:57.838Z] <<< [apiv2][status] POST https://www.googleapis.com/oauth2/v3/token 200
[debug] [2023-03-17T04:45:57.838Z] <<< [apiv2][body] POST https://www.googleapis.com/oauth2/v3/token [omitted]
[debug] [2023-03-17T04:45:57.850Z] >>> [apiv2][query] GET https://firebase.googleapis.com/v1beta1/projects/bclub-b0d3f [none]
[debug] [2023-03-17T04:45:58.111Z] <<< [apiv2][status] GET https://firebase.googleapis.com/v1beta1/projects/bclub-b0d3f 200
[debug] [2023-03-17T04:45:58.111Z] <<< [apiv2][body] GET https://firebase.googleapis.com/v1beta1/projects/bclub-b0d3f {"projectId":"bclub-b0d3f","projectNumber":"555735926398","displayName":"BClub","name":"projects/bclub-b0d3f","resources":{"hostingSite":"bclub-b0d3f","realtimeDatabaseInstance":"bclub-b0d3f-default-rtdb","storageBucket":"bclub-b0d3f.appspot.com","locationId":"us-west2"},"state":"ACTIVE","etag":"1_81f36f3a-fb1e-4542-a63a-0f41440ae1c7"}
[info] i  Using project bclub-b0d3f (BClub) 
[info] 
=== Hosting Setup
[info] 
[info] Your public directory is the folder (relative to your project directory) that
[info] will contain Hosting assets to be uploaded with firebase deploy. If you
[info] have a build process for your assets, use your build's output directory.
[info] 
